#
# A fatal error has been detected by the Java Runtime Environment:
#
#  EXCEPTION_ACCESS_VIOLATION (0xc0000005) at pc=0x000000006af8a0a5, pid=14280, tid=0x0000000000004894
#
# JRE version: Java(TM) SE Runtime Environment (8.0_101-b13) (build 1.8.0_101-b13)
# Java VM: Java HotSpot(TM) 64-Bit Server VM (25.101-b13 mixed mode windows-amd64 compressed oops)
# Problematic frame:
# V  [jvm.dll+0x12a0a5]
#
# Failed to write core dump. Minidumps are not enabled by default on client versions of Windows
#
# If you would like to submit a bug report, please visit:
#   http://bugreport.java.com/bugreport/crash.jsp
#

---------------  T H R E A D  ---------------

Current thread (0x000000001ad50800):  JavaThread "JDWP Transport Listener: dt_socket" daemon [_thread_in_vm, id=18580, stack(0x000000001b8b0000,0x000000001b9b0000)]

siginfo: ExceptionCode=0xc0000005, reading address 0x0000003b00000008

Registers:
RAX=0x000000001b9af301, RBX=0x000000001ad50800, RCX=0x0000003b00000008, RDX=0x0000000000000000
RSP=0x000000001b9af390, RBP=0x0000003b00000008, RSI=0x000000001b9af4a8, RDI=0x0000000000188fb0
R8 =0x000000001ad50800, R9 =0x000000000000ff00, R10=0x0000000000000000, R11=0x000012f200080019
R12=0x0000000000000000, R13=0x000000001ad51408, R14=0x0000000000000000, R15=0x0000000000000000
RIP=0x000000006af8a0a5, EFLAGS=0x0000000000010202

Top of Stack: (sp=0x000000001b9af390)
0x000000001b9af390:   000000001ad50800 000000001ad50800
0x000000001b9af3a0:   000000001b9af458 000000006b192f0b
0x000000001b9af3b0:   000000001ad50800 000000006b1af76d
0x000000001b9af3c0:   0000000000000000 000000005d319155
0x000000001b9af3d0:   000000001ad790f8 000000005d32291e
0x000000001b9af3e0:   000000001ad50800 0000000000000000
0x000000001b9af3f0:   0000000000000000 0000000000000000
0x000000001b9af400:   0000003b00000008 000000005d321a15
0x000000001b9af410:   000000001b9af4a8 000000001b9af480
0x000000001b9af420:   0000000000000001 000000001ad790f8
0x000000001b9af430:   0000003b00000008 000000005d3053b3
0x000000001b9af440:   000000001b9af570 0000000000000001
0x000000001b9af450:   0000000000000001 000000001ad790f8
0x000000001b9af460:   000000000000000a 0000000000000000
0x000000001b9af470:   0000000000000000 0000000000000000
0x000000001b9af480:   0000000000000001 000000005d305571 

Instructions: (pc=0x000000006af8a0a5)
0x000000006af8a085:   cc cc cc cc cc cc cc cc cc cc cc 48 83 ec 28 48
0x000000006af8a095:   85 c9 75 07 33 c0 48 83 c4 28 c3 48 89 5c 24 20
0x000000006af8a0a5:   48 8b 19 48 85 db 74 20 48 83 fb 37 74 1a 48 8b
0x000000006af8a0b5:   13 48 8b cb ff 52 10 84 c0 74 0d 48 8b c3 48 8b 


Register to memory mapping:

RAX=0x000000001b9af301 is pointing into the stack for thread: 0x000000001ad50800
RBX=0x000000001ad50800 is a thread
RCX=0x0000003b00000008 is an unknown value
RDX=0x0000000000000000 is an unknown value
RSP=0x000000001b9af390 is pointing into the stack for thread: 0x000000001ad50800
RBP=0x0000003b00000008 is an unknown value
RSI=0x000000001b9af4a8 is pointing into the stack for thread: 0x000000001ad50800
RDI=0x0000000000188fb0 is an unknown value
R8 =0x000000001ad50800 is a thread
R9 =0x000000000000ff00 is an unknown value
R10=0x0000000000000000 is an unknown value
R11=0x000012f200080019 is an unknown value
R12=0x0000000000000000 is an unknown value
R13=0x000000001ad51408 is an unknown value
R14=0x0000000000000000 is an unknown value
R15=0x0000000000000000 is an unknown value


Stack: [0x000000001b8b0000,0x000000001b9b0000],  sp=0x000000001b9af390,  free space=1020k
Native frames: (J=compiled Java code, j=interpreted, Vv=VM code, C=native code)
V  [jvm.dll+0x12a0a5]
V  [jvm.dll+0x34f76d]
C  [jdwp.dll+0x21a15]
C  [jdwp.dll+0x53b3]
C  [jdwp.dll+0x5571]
C  [jdwp.dll+0xf0a8]
C  [jdwp.dll+0x1f2d5]
C  [jdwp.dll+0x1f4aa]
V  [jvm.dll+0x1bd258]
V  [jvm.dll+0x2451a4]
V  [jvm.dll+0x29c18a]
C  [msvcr100.dll+0x21d9f]
C  [msvcr100.dll+0x21e3b]
C  [kernel32.dll+0x159cd]
C  [ntdll.dll+0x2a2e1]


---------------  P R O C E S S  ---------------

Java Threads: ( => current thread )
  0x000000001adf3800 JavaThread "Service Thread" daemon [_thread_blocked, id=19128, stack(0x000000001c210000,0x000000001c310000)]
  0x000000001ad85000 JavaThread "C1 CompilerThread2" daemon [_thread_blocked, id=13628, stack(0x000000001c100000,0x000000001c200000)]
  0x000000001ad7b800 JavaThread "C2 CompilerThread1" daemon [_thread_blocked, id=10912, stack(0x000000001be60000,0x000000001bf60000)]
  0x000000001ad7a000 JavaThread "C2 CompilerThread0" daemon [_thread_blocked, id=15612, stack(0x000000001bce0000,0x000000001bde0000)]
  0x000000001ad66000 JavaThread "JDWP Command Reader" daemon [_thread_in_native, id=19348, stack(0x000000001b6f0000,0x000000001b7f0000)]
  0x000000001ad62800 JavaThread "JDWP Event Helper Thread" daemon [_thread_blocked, id=11288, stack(0x000000001bad0000,0x000000001bbd0000)]
=>0x000000001ad50800 JavaThread "JDWP Transport Listener: dt_socket" daemon [_thread_in_vm, id=18580, stack(0x000000001b8b0000,0x000000001b9b0000)]
  0x000000001ad49000 JavaThread "Attach Listener" daemon [_thread_blocked, id=18172, stack(0x000000001b2c0000,0x000000001b3c0000)]
  0x000000001ad45000 JavaThread "Signal Dispatcher" daemon [_thread_blocked, id=14840, stack(0x000000001b150000,0x000000001b250000)]
  0x0000000019a4d000 JavaThread "Finalizer" daemon [_thread_blocked, id=18484, stack(0x000000001ab20000,0x000000001ac20000)]
  0x0000000019a06000 JavaThread "Reference Handler" daemon [_thread_blocked, id=1460, stack(0x000000001ac30000,0x000000001ad30000)]
  0x000000000235b800 JavaThread "main" [_thread_blocked, id=19400, stack(0x0000000002500000,0x0000000002600000)]

Other Threads:
  0x00000000199fd800 VMThread [stack: 0x000000001a9e0000,0x000000001aae0000] [id=18252]
  0x000000001ae2d000 WatcherThread [stack: 0x000000001bbe0000,0x000000001bce0000] [id=17188]

VM state:not at safepoint (normal execution)

VM Mutex/Monitor currently owned by a thread: None

Heap:
 PSYoungGen      total 57344K, used 2949K [0x0000000780580000, 0x0000000784580000, 0x00000007c0000000)
  eden space 49152K, 6% used [0x0000000780580000,0x00000007808614b8,0x0000000783580000)
  from space 8192K, 0% used [0x0000000783d80000,0x0000000783d80000,0x0000000784580000)
  to   space 8192K, 0% used [0x0000000783580000,0x0000000783580000,0x0000000783d80000)
 ParOldGen       total 131072K, used 0K [0x0000000701000000, 0x0000000709000000, 0x0000000780580000)
  object space 131072K, 0% used [0x0000000701000000,0x0000000701000000,0x0000000709000000)
 Metaspace       used 2696K, capacity 4564K, committed 4864K, reserved 1056768K
  class space    used 292K, capacity 388K, committed 512K, reserved 1048576K

Card table byte_map: [0x00000000119c0000,0x0000000011fc0000] byte_map_base: 0x000000000e1b8000

Marking Bits: (ParMarkBitMap*) 0x000000006b67a6d0
 Begin Bits: [0x0000000012af0000, 0x0000000015ab0000)
 End Bits:   [0x0000000015ab0000, 0x0000000018a70000)

Polling page: 0x0000000000120000

CodeCache: size=245760Kb used=1108Kb max_used=1108Kb free=244651Kb
 bounds [0x0000000002600000, 0x0000000002870000, 0x0000000011600000]
 total_blobs=256 nmethods=31 adapters=148
 compilation: enabled

Compilation events (10 events):
Event: 0.205 Thread 0x000000001ad85000   28  s    3       java.lang.StringBuffer::append (13 bytes)
Event: 0.206 Thread 0x000000001ad85000 nmethod 28 0x0000000002712ed0 code [0x0000000002713060, 0x0000000002713568]
Event: 0.206 Thread 0x000000001ad85000   29       3       java.lang.String::getChars (62 bytes)
Event: 0.206 Thread 0x000000001ad85000 nmethod 29 0x00000000027137d0 code [0x00000000027139a0, 0x0000000002713e58]
Event: 0.206 Thread 0x000000001ad85000   23       3       java.lang.String::indexOf (7 bytes)
Event: 0.206 Thread 0x000000001ad85000 nmethod 23 0x0000000002714110 code [0x0000000002714280, 0x00000000027144a8]
Event: 0.206 Thread 0x000000001ad85000   30       3       java.lang.Character::toLowerCase (6 bytes)
Event: 0.206 Thread 0x000000001ad85000 nmethod 30 0x0000000002714550 code [0x00000000027146c0, 0x0000000002714958]
Event: 0.207 Thread 0x000000001ad85000   31       3       java.util.Arrays::copyOf (19 bytes)
Event: 0.208 Thread 0x000000001ad85000 nmethod 31 0x0000000002715090 code [0x0000000002715200, 0x0000000002715548]

GC Heap History (0 events):
No events

Deoptimization events (0 events):
No events

Internal exceptions (2 events):
Event: 0.034 Thread 0x000000000235b800 Exception <a 'java/lang/NoSuchMethodError': Method sun.misc.Unsafe.defineClass(Ljava/lang/String;[BII)Ljava/lang/Class; name or signature does not match> (0x0000000780587cc0) thrown at [C:\re\workspace\8-2-build-windows-amd64-cygwin\jdk8u101\7261\hotspot\sNJŽ] ©¡?
Event: 0.034 Thread 0x000000000235b800 Exception <a 'java/lang/NoSuchMethodError': Method sun.misc.Unsafe.prefetchRead(Ljava/lang/Object;J)V name or signature does not match> (0x0000000780587fa8) thrown at [C:\re\workspace\8-2-build-windows-amd64-cygwin\jdk8u101\7261\hotspot\src\share\vm\prims\

Events (10 events):
Event: 543.989 Executing VM operation: GetCurrentLocation
Event: 543.989 Executing VM operation: GetCurrentLocation done
Event: 543.989 Executing VM operation: EnterInterpOnlyMode
Event: 543.989 Executing VM operation: EnterInterpOnlyMode done
Event: 543.989 Executing VM operation: ChangeSingleStep
Event: 543.989 Executing VM operation: ChangeSingleStep done
Event: 543.990 Executing VM operation: ChangeSingleStep
Event: 543.990 Executing VM operation: ChangeSingleStep done
Event: 543.995 Executing VM operation: RedefineClasses
Event: 543.995 Executing VM operation: RedefineClasses done


Dynamic libraries:
0x000000013fc70000 - 0x000000013fca7000 	C:\Program Files\Java\jre1.8.0_101\bin\javaw.exe
0x0000000077400000 - 0x00000000775aa000 	C:\Windows\SYSTEM32\ntdll.dll
0x00000000772e0000 - 0x00000000773ff000 	C:\Windows\system32\kernel32.dll
0x000007fefd1a0000 - 0x000007fefd20a000 	C:\Windows\system32\KERNELBASE.dll
0x000007fefefb0000 - 0x000007feff08b000 	C:\Windows\system32\ADVAPI32.dll
0x000007feff670000 - 0x000007feff70f000 	C:\Windows\system32\msvcrt.dll
0x000007feff090000 - 0x000007feff0af000 	C:\Windows\SYSTEM32\sechost.dll
0x000007fefe0e0000 - 0x000007fefe20d000 	C:\Windows\system32\RPCRT4.dll
0x00000000771e0000 - 0x00000000772da000 	C:\Windows\system32\USER32.dll
0x000007fefdce0000 - 0x000007fefdd47000 	C:\Windows\system32\GDI32.dll
0x000007fefe070000 - 0x000007fefe07e000 	C:\Windows\system32\LPK.dll
0x000007feff2a0000 - 0x000007feff36a000 	C:\Windows\system32\USP10.dll
0x000007fefb8a0000 - 0x000007fefba94000 	C:\Windows\WinSxS\amd64_microsoft.windows.common-controls_6595b64144ccf1df_6.0.7601.18837_none_fa3b1e3d17594757\COMCTL32.dll
0x000007feff220000 - 0x000007feff291000 	C:\Windows\system32\SHLWAPI.dll
0x000007feff370000 - 0x000007feff39e000 	C:\Windows\system32\IMM32.DLL
0x000007fefdf60000 - 0x000007fefe069000 	C:\Windows\system32\MSCTF.dll
0x00000000561f0000 - 0x00000000562c2000 	C:\Program Files\Java\jre1.8.0_101\bin\msvcr100.dll
0x000000006ae60000 - 0x000000006b6fa000 	C:\Program Files\Java\jre1.8.0_101\bin\server\jvm.dll
0x000007fef8f30000 - 0x000007fef8f39000 	C:\Windows\system32\WSOCK32.dll
0x000007feff150000 - 0x000007feff19d000 	C:\Windows\system32\WS2_32.dll
0x000007fefefa0000 - 0x000007fefefa8000 	C:\Windows\system32\NSI.dll
0x000007fefb1e0000 - 0x000007fefb21b000 	C:\Windows\system32\WINMM.dll
0x000007fefc1f0000 - 0x000007fefc1fc000 	C:\Windows\system32\VERSION.dll
0x00000000775c0000 - 0x00000000775c7000 	C:\Windows\system32\PSAPI.DLL
0x0000000073860000 - 0x000000007386f000 	C:\Program Files\Java\jre1.8.0_101\bin\verify.dll
0x0000000073710000 - 0x0000000073739000 	C:\Program Files\Java\jre1.8.0_101\bin\java.dll
0x000000005d300000 - 0x000000005d335000 	C:\Program Files\Java\jre1.8.0_101\bin\jdwp.dll
0x0000000064b40000 - 0x0000000064b48000 	C:\Program Files\Java\jre1.8.0_101\bin\npt.dll
0x0000000073640000 - 0x0000000073656000 	C:\Program Files\Java\jre1.8.0_101\bin\zip.dll
0x000007fefe210000 - 0x000007fefef99000 	C:\Windows\system32\SHELL32.dll
0x000007fefdd50000 - 0x000007fefdf53000 	C:\Windows\system32\ole32.dll
0x000007fefd130000 - 0x000007fefd13f000 	C:\Windows\system32\profapi.dll
0x0000000064730000 - 0x0000000064739000 	C:\Program Files\Java\jre1.8.0_101\bin\dt_socket.dll
0x000007fefb260000 - 0x000007fefb275000 	C:\Windows\system32\NLAapi.dll
0x000007fef9250000 - 0x000007fef9265000 	C:\Windows\system32\napinsp.dll
0x000007fef9230000 - 0x000007fef9249000 	C:\Windows\system32\pnrpnsp.dll
0x000007fefc8a0000 - 0x000007fefc8f5000 	C:\Windows\System32\mswsock.dll
0x000007fefc720000 - 0x000007fefc77b000 	C:\Windows\system32\DNSAPI.dll
0x000007fef9220000 - 0x000007fef922b000 	C:\Windows\System32\winrnr.dll
0x000007fefafa0000 - 0x000007fefafc7000 	C:\Windows\system32\IPHLPAPI.DLL
0x000007fefaf80000 - 0x000007fefaf8b000 	C:\Windows\system32\WINNSI.DLL
0x000007fefa4e0000 - 0x000007fefa533000 	C:\Windows\System32\fwpuclnt.dll
0x000007fef9130000 - 0x000007fef9138000 	C:\Windows\system32\rasadhlp.dll
0x000007fefc2c0000 - 0x000007fefc2c7000 	C:\Windows\System32\wshtcpip.dll
0x000007fefcf30000 - 0x000007fefcf87000 	C:\Windows\system32\apphelp.dll
0x000007fef8b40000 - 0x000007fef8c65000 	C:\Windows\system32\dbghelp.dll

VM Arguments:
jvm_args: -Dfile.encoding=UTF-8 -agentlib:jdwp=transport=dt_socket,suspend=y,address=localhost:61990 -Dfile.encoding=UTF-8 
java_command: Main
java_class_path (initial): E:\eclipse\workspace\xiaoduo-master\org.xjtusicd3.partner\target\classes;E:\eclipse\workspace\xiaoduo-master\org.xjtusicd3.partner\lib\json-lib-2.4-jdk15.jar;E:\eclipse\workspace\xiaoduo-master\org.xjtusicd3.partner\lib\ezmorph.jar;E:\eclipse\workspace\xiaoduo-master\org.xjtusicd3.partner\lib\commons-beanutils-1.8.3.jar;E:\eclipse\workspace\xiaoduo-master\org.xjtusicd3.partner\lib\jackson-annotations-2.4.1.jar;E:\eclipse\workspace\xiaoduo-master\org.xjtusicd3.partner\lib\jackson-core-2.4.1.jar;E:\eclipse\workspace\xiaoduo-master\org.xjtusicd3.partner\lib\jackson-databind-2.4.1.jar;C:\Users\zhaoyq\.m2\repository\javax\servlet\servlet-api\2.5\servlet-api-2.5.jar;C:\Users\zhaoyq\.m2\repository\org\springframework\spring-webmvc\4.3.3.RELEASE\spring-webmvc-4.3.3.RELEASE.jar;C:\Users\zhaoyq\.m2\repository\org\springframework\spring-aop\4.3.3.RELEASE\spring-aop-4.3.3.RELEASE.jar;C:\Users\zhaoyq\.m2\repository\org\springframework\spring-expression\4.3.3.RELEASE\spring-expression-4.3.3.RELEASE.jar;C:\Users\zhaoyq\.m2\repository\org\springframework\spring-web\4.3.3.RELEASE\spring-web-4.3.3.RELEASE.jar;C:\Users\zhaoyq\.m2\repository\org\springframework\spring-core\4.3.3.RELEASE\spring-core-4.3.3.RELEASE.jar;C:\Users\zhaoyq\.m2\repository\commons-logging\commons-logging\1.2\commons-logging-1.2.jar;C:\Users\zhaoyq\.m2\repository\org\springframework\spring-context\4.3.3.RELEASE\spring-context-4.3.3.RELEASE.jar;C:\Users\zhaoyq\.m2\repository\org\springframework\spring-beans\4.3.3.RELEASE\spring-beans-4.3.3.RELEASE.jar;E:\eclipse\workspace\xiaoduo-master\org.xjtusicd3.database\target\classes;C:\Users\zhaoyq\.m2\repository\org\mybatis\mybatis\3.2.6\mybatis-3.2.6.jar;C:\Users\zhaoyq\.m2\repository\mysql\mysql-connector-java\5.1.38\mysql-connector-java-5.1.38.jar;E:\eclipse\workspace\xiaoduo-master\org.xjtusicd3.common\target\classes;C:\Users\zhaoyq\.m2\repository\com\alibaba\fastjson\1.2.17\fastjson-1.2.17.jar;C:\Users\zhaoyq\.m2\repository\org\eclipse\je
Launcher Type: SUN_STANDARD

Environment Variables:
JAVA_HOME=C:\Program Files\Java\jdk1.8.0_101
JAVA_TOOL_OPTIONS=-Dfile.encoding=UTF-8
CLASSPATH=.;C:\Program Files\Java\jdk1.8.0_101\lib;C:\Program Files\Java\jdk1.8.0_101\lib\tools.jar
PATH=C:/Program Files/Java/jre1.8.0_101/bin/server;C:/Program Files/Java/jre1.8.0_101/bin;C:/Program Files/Java/jre1.8.0_101/lib/amd64;D:\app\zhaoyq\product\11.2.0\dbhome_2\bin;C:\ProgramData\Oracle\Java\javapath;C:\Program Files (x86)\NVIDIA Corporation\PhysX\Common;C:\Windows\system32;C:\Windows;C:\Windows\System32\Wbem;C:\Windows\System32\WindowsPowerShell\v1.0\;C:\Program Files\Java\jdk1.8.0_101\bin;C:\Program Files\Java\jdk1.8.0_101\jre\bin;C:\Program Files\MySQL\MySQL Server 5.5\bin;E:\apache-tomcat-8.0.37-windows-x64\apache-tomcat-8.0.37\lib;E:\apache-tomcat-8.0.37-windows-x64\apache-tomcat-8.0.37\bin;C:\Users\zhaoyq\AppData\Local\Programs\Python\Python35\Scripts\;C:\Users\zhaoyq\AppData\Local\Programs\Python\Python35\;c:\python27;c:\python27\Scripts;E:\eclipse;
USERNAME=zhaoyq
OS=Windows_NT
PROCESSOR_IDENTIFIER=Intel64 Family 6 Model 30 Stepping 5, GenuineIntel



---------------  S Y S T E M  ---------------

OS: Windows 7 , 64 bit Build 7601 (6.1.7601.23539)

CPU:total 4 (4 cores per cpu, 1 threads per core) family 6 model 30 stepping 5, cmov, cx8, fxsr, mmx, sse, sse2, sse3, ssse3, sse4.1, sse4.2, popcnt, tsc, tscinvbit

Memory: 4k page, physical 12516648k(2980976k free), swap 25031436k(10240968k free)

vm_info: Java HotSpot(TM) 64-Bit Server VM (25.101-b13) for windows-amd64 JRE (1.8.0_101-b13), built on Jun 22 2016 01:21:29 by "java_re" with MS VC++ 10.0 (VS2010)

time: Fri Apr 28 15:28:23 2017
elapsed time: 544 seconds (0d 0h 9m 4s)

