#
# A fatal error has been detected by the Java Runtime Environment:
#
#  EXCEPTION_ACCESS_VIOLATION (0xc0000005) at pc=0x000000006c028565, pid=5320, tid=0x0000000000001f80
#
# JRE version: Java(TM) SE Runtime Environment (8.0_101-b13) (build 1.8.0_101-b13)
# Java VM: Java HotSpot(TM) 64-Bit Server VM (25.101-b13 mixed mode windows-amd64 compressed oops)
# Problematic frame:
# V  [jvm.dll+0x198565]
#
# Failed to write core dump. Minidumps are not enabled by default on client versions of Windows
#
# If you would like to submit a bug report, please visit:
#   http://bugreport.java.com/bugreport/crash.jsp
#

---------------  T H R E A D  ---------------

Current thread (0x000000001c44e800):  JavaThread "pool-2-thread-6" [_thread_in_vm, id=8064, stack(0x000000001f670000,0x000000001f770000)]

siginfo: ExceptionCode=0xc0000005, reading address 0xffffffffffffffff

Registers:
RAX=0x000000001ae03540, RBX=0x0000000000000000, RCX=0x0000000000000005, RDX=0x0000000000000005
RSP=0x000000001f76e410, RBP=0x000000001f76e510, RSI=0x000000001c44e800, RDI=0x000000001c088538
R8 =0x0000000019214958, R9 =0x0000000000000002, R10=0x00000000023c2090, R11=0x00000000037ed888
R12=0x192148c800000000, R13=0x0000000000000000, R14=0x000000001adfb610, R15=0x000000001c44e9f8
RIP=0x000000006c028565, EFLAGS=0x0000000000010297

Top of Stack: (sp=0x000000001f76e410)
0x000000001f76e410:   0000000000000000 000000001f76e510
0x000000001f76e420:   000000001c44e800 000000001c088538
0x000000001f76e430:   0000000000000000 000000006bf2a02f
0x000000001f76e440:   192148c800000000 000000001c44e800
0x000000001f76e450:   000000001f76eba0 000000001f76e500
0x000000001f76e460:   000000001f76e560 000000006c167881
0x000000001f76e470:   000000001f76e530 000000001f76e560
0x000000001f76e480:   000000001ad6c530 000000001cd07dc0
0x000000001f76e490:   0000000000000d90 0000000000000000
0x000000001f76e4a0:   00000007815db620 000000006c167c0b
0x000000001f76e4b0:   000000001f76e530 000000001f76e5e0
0x000000001f76e4c0:   000000000000112d 00000400028e8301
0x000000001f76e4d0:   000000001c44e800 000000006c3a7ea6
0x000000001f76e4e0:   000000001c44e800 0000000000000000
0x000000001f76e4f0:   000000001f76f7a0 000000001f76f6c0
0x000000001f76e500:   000000001f76eb70 00000000029e3009 

Instructions: (pc=0x000000006c028565)
0x000000006c028545:   16 41 3b 56 04 75 08 49 8b ce e8 ec ab ef ff 49
0x000000006c028555:   63 0e 8d 41 01 41 89 06 49 8b 46 18 4c 89 24 c8
0x000000006c028565:   49 8b 04 24 49 8b cc ff 50 10 84 c0 0f 84 43 05
0x000000006c028575:   00 00 41 8b 44 24 20 a8 01 0f 84 36 05 00 00 c1 


Register to memory mapping:

RAX=0x000000001ae03540 is an unknown value
RBX=0x0000000000000000 is an unknown value
RCX=0x0000000000000005 is an unknown value
RDX=0x0000000000000005 is an unknown value
RSP=0x000000001f76e410 is pointing into the stack for thread: 0x000000001c44e800
RBP=0x000000001f76e510 is pointing into the stack for thread: 0x000000001c44e800
RSI=0x000000001c44e800 is a thread
RDI=0x000000001c088538 is an unknown value
R8 ={method} {0x0000000019214960} 'run' '()Ljava/lang/Object;' in 'sun/security/action/GetPropertyAction'
R9 =0x0000000000000002 is an unknown value
R10=0x00000000023c2090 is an unknown value
R11=0x00000000037ed888 is at entry_point+-984 in (nmethod*)0x00000000037ed790
R12=0x192148c800000000 is an unknown value
R13=0x0000000000000000 is an unknown value
R14=0x000000001adfb610 is an unknown value
R15=0x000000001c44e9f8 is an unknown value


Stack: [0x000000001f670000,0x000000001f770000],  sp=0x000000001f76e410,  free space=1017k
Native frames: (J=compiled Java code, j=interpreted, Vv=VM code, C=native code)
V  [jvm.dll+0x198565]
C  [java.dll+0x1011]
C  0x0000000002e9f8cc

Java frames: (J=compiled Java code, j=interpreted, Vv=VM code)
J 1684  java.security.AccessController.doPrivileged(Ljava/security/PrivilegedAction;)Ljava/lang/Object; (0 bytes) @ 0x0000000002e9f852 [0x0000000002e9f800+0x52]
J 5787 C2 java.net.URL.getURLStreamHandler(Ljava/lang/String;)Ljava/net/URLStreamHandler; (313 bytes) @ 0x00000000037ee1d0 [0x00000000037edc60+0x570]
J 5854 C2 java.net.URL.<init>(Ljava/net/URL;Ljava/lang/String;Ljava/net/URLStreamHandler;)V (543 bytes) @ 0x00000000039a2438 [0x00000000039a1b80+0x8b8]
J 1391 C2 us.codecraft.webmagic.utils.UrlUtils.canonicalizeUrl(Ljava/lang/String;Ljava/lang/String;)Ljava/lang/String; (82 bytes) @ 0x0000000002e095fc [0x0000000002e094c0+0x13c]
J 4835 C2 us.codecraft.webmagic.Page.getHtml()Lus/codecraft/webmagic/selector/Html; (37 bytes) @ 0x00000000032b3f48 [0x00000000032b36c0+0x888]
J 6033 C1 org.xjtusicd3.parnter.spider.DriverSpider.process(Lus/codecraft/webmagic/Page;)V (464 bytes) @ 0x0000000003b86d5c [0x0000000003b86cc0+0x9c]
J 6011 C1 us.codecraft.webmagic.Spider.processRequest(Lus/codecraft/webmagic/Request;)V (158 bytes) @ 0x00000000030270e4 [0x0000000003026cc0+0x424]
J 5940 C1 us.codecraft.webmagic.Spider$1.run()V (138 bytes) @ 0x0000000003a6b7dc [0x0000000003a6b740+0x9c]
J 5938 C1 us.codecraft.webmagic.thread.CountableThreadPool$1.run()V (134 bytes) @ 0x0000000003a61094 [0x0000000003a60f80+0x114]
j  java.util.concurrent.ThreadPoolExecutor.runWorker(Ljava/util/concurrent/ThreadPoolExecutor$Worker;)V+95
j  java.util.concurrent.ThreadPoolExecutor$Worker.run()V+5
j  java.lang.Thread.run()V+11
v  ~StubRoutines::call_stub

---------------  P R O C E S S  ---------------

Java Threads: ( => current thread )
  0x000000001c451800 JavaThread "pool-2-thread-10" [_thread_blocked, id=7524, stack(0x000000001fab0000,0x000000001fbb0000)]
  0x000000001c451000 JavaThread "pool-2-thread-9" [_thread_blocked, id=7268, stack(0x000000001f8d0000,0x000000001f9d0000)]
  0x000000001c450000 JavaThread "pool-2-thread-8" [_thread_blocked, id=7772, stack(0x000000001f790000,0x000000001f890000)]
  0x000000001c44f800 JavaThread "pool-2-thread-7" [_thread_blocked, id=7356, stack(0x000000001bb50000,0x000000001bc50000)]
=>0x000000001c44e800 JavaThread "pool-2-thread-6" [_thread_in_vm, id=8064, stack(0x000000001f670000,0x000000001f770000)]
  0x000000001c447000 JavaThread "pool-2-thread-5" [_thread_blocked, id=328, stack(0x000000001f560000,0x000000001f660000)]
  0x000000001c448800 JavaThread "pool-2-thread-4" [_thread_in_native, id=7768, stack(0x000000001f350000,0x000000001f450000)]
  0x000000001c448000 JavaThread "pool-2-thread-3" [_thread_blocked, id=7620, stack(0x000000001f250000,0x000000001f350000)]
  0x000000001c44a000 JavaThread "pool-2-thread-2" [_thread_in_native, id=7392, stack(0x000000001f0b0000,0x000000001f1b0000)]
  0x000000001c449800 JavaThread "pool-2-thread-1" [_thread_blocked, id=4020, stack(0x000000001eef0000,0x000000001eff0000)]
  0x000000001be71800 JavaThread "Abandoned connection cleanup thread" daemon [_thread_blocked, id=1720, stack(0x000000001c5a0000,0x000000001c6a0000)]
  0x000000001adb4800 JavaThread "Service Thread" daemon [_thread_blocked, id=1912, stack(0x000000001bc50000,0x000000001bd50000)]
  0x000000001ad3f000 JavaThread "C1 CompilerThread2" daemon [_thread_blocked, id=5312, stack(0x000000001ba50000,0x000000001bb50000)]
  0x000000001ad3e000 JavaThread "C2 CompilerThread1" daemon [_thread_blocked, id=6192, stack(0x000000001b8b0000,0x000000001b9b0000)]
  0x000000001ad39000 JavaThread "C2 CompilerThread0" daemon [_thread_blocked, id=7156, stack(0x000000001b6b0000,0x000000001b7b0000)]
  0x000000001ad37000 JavaThread "Attach Listener" daemon [_thread_blocked, id=3616, stack(0x000000001b490000,0x000000001b590000)]
  0x0000000019ab2000 JavaThread "Signal Dispatcher" daemon [_thread_blocked, id=6736, stack(0x000000001b230000,0x000000001b330000)]
  0x0000000019a9c000 JavaThread "Finalizer" daemon [_thread_blocked, id=3844, stack(0x000000001a9f0000,0x000000001aaf0000)]
  0x0000000019a55000 JavaThread "Reference Handler" daemon [_thread_blocked, id=6352, stack(0x000000001ac20000,0x000000001ad20000)]
  0x000000000251f800 JavaThread "main" [_thread_blocked, id=7136, stack(0x00000000027e0000,0x00000000028e0000)]

Other Threads:
  0x0000000019a4d800 VMThread [stack: 0x000000001aaf0000,0x000000001abf0000] [id=5420]
  0x000000001adfd800 WatcherThread [stack: 0x000000001b7b0000,0x000000001b8b0000] [id=6812]

VM state:not at safepoint (normal execution)

VM Mutex/Monitor currently owned by a thread: None

Heap:
 PSYoungGen      total 210944K, used 20212K [0x0000000780580000, 0x00000007ab700000, 0x00000007c0000000)
  eden space 207872K, 8% used [0x0000000780580000,0x00000007816a15e0,0x000000078d080000)
  from space 3072K, 86% used [0x00000007ab100000,0x00000007ab39bc70,0x00000007ab400000)
  to   space 3072K, 0% used [0x00000007ab400000,0x00000007ab400000,0x00000007ab700000)
 ParOldGen       total 1587712K, used 848087K [0x0000000701000000, 0x0000000761e80000, 0x0000000780580000)
  object space 1587712K, 53% used [0x0000000701000000,0x0000000734c35d10,0x0000000761e80000)
 Metaspace       used 18185K, capacity 18534K, committed 18688K, reserved 1067008K
  class space    used 1876K, capacity 2007K, committed 2048K, reserved 1048576K

Card table byte_map: [0x0000000011ca0000,0x00000000122a0000] byte_map_base: 0x000000000e498000

Marking Bits: (ParMarkBitMap*) 0x000000006c6aa6d0
 Begin Bits: [0x0000000012b40000, 0x0000000015b00000)
 End Bits:   [0x0000000015b00000, 0x0000000018ac0000)

Polling page: 0x0000000000330000

CodeCache: size=245760Kb used=19584Kb max_used=19645Kb free=226175Kb
 bounds [0x00000000028e0000, 0x0000000003c80000, 0x00000000118e0000]
 total_blobs=4785 nmethods=4359 adapters=339
 compilation: enabled

Compilation events (10 events):
Event: 2892.056 Thread 0x000000001ad3f000 6115       3       org.jsoup.nodes.Entities::isNamedEntity (10 bytes)
Event: 2892.056 Thread 0x000000001ad3f000 nmethod 6115 0x0000000002fdb910 code [0x0000000002fdbaa0, 0x0000000002fdbed8]
Event: 2892.056 Thread 0x000000001ad3f000 6116       3       org.jsoup.parser.CharacterReader::rewindToMark (9 bytes)
Event: 2892.057 Thread 0x000000001ad3f000 nmethod 6116 0x00000000034e4690 code [0x00000000034e47e0, 0x00000000034e4930]
Event: 2894.076 Thread 0x000000001ad3f000 6117       3       org.jsoup.parser.HtmlTreeBuilderState$7::process (3368 bytes)
Event: 2894.119 Thread 0x000000001ad3f000 nmethod 6117 0x0000000003c31f90 code [0x0000000003c35220, 0x0000000003c59288]
Event: 2894.824 Thread 0x000000001ad3e000 6118       4       org.jsoup.parser.HtmlTreeBuilderState$7::process (3368 bytes)
Event: 2894.985 Thread 0x000000001ad3f000 6119       3       org.jsoup.parser.HtmlTreeBuilderState$7::anyOtherEndTag (108 bytes)
Event: 2894.986 Thread 0x000000001ad3f000 nmethod 6119 0x000000000303cd10 code [0x000000000303d020, 0x000000000303e9a8]
Event: 2895.056 Thread 0x000000001ad3e000 nmethod 6118 0x0000000003139750 code [0x000000000313a2a0, 0x0000000003142a30]

GC Heap History (10 events):
Event: 2846.631 GC heap before
{Heap before GC invocations=760 (full 39):
 PSYoungGen      total 215552K, used 215379K [0x0000000780580000, 0x00000007ac100000, 0x00000007c0000000)
  eden space 212992K, 100% used [0x0000000780580000,0x000000078d580000,0x000000078d580000)
  from space 2560K, 93% used [0x00000007abe80000,0x00000007ac0d4eb0,0x00000007ac100000)
  to   space 4608K, 0% used [0x00000007ab800000,0x00000007ab800000,0x00000007abc80000)
 ParOldGen       total 1587712K, used 847463K [0x0000000701000000, 0x0000000761e80000, 0x0000000780580000)
  object space 1587712K, 53% used [0x0000000701000000,0x0000000734b99d00,0x0000000761e80000)
 Metaspace       used 18185K, capacity 18534K, committed 18688K, reserved 1067008K
  class space    used 1876K, capacity 2007K, committed 2048K, reserved 1048576K
Event: 2846.643 GC heap after
Heap after GC invocations=760 (full 39):
 PSYoungGen      total 214528K, used 2286K [0x0000000780580000, 0x00000007abf00000, 0x00000007c0000000)
  eden space 211968K, 0% used [0x0000000780580000,0x0000000780580000,0x000000078d480000)
  from space 2560K, 89% used [0x00000007ab800000,0x00000007aba3b960,0x00000007aba80000)
  to   space 4608K, 0% used [0x00000007aba80000,0x00000007aba80000,0x00000007abf00000)
 ParOldGen       total 1587712K, used 847679K [0x0000000701000000, 0x0000000761e80000, 0x0000000780580000)
  object space 1587712K, 53% used [0x0000000701000000,0x0000000734bcfd10,0x0000000761e80000)
 Metaspace       used 18185K, capacity 18534K, committed 18688K, reserved 1067008K
  class space    used 1876K, capacity 2007K, committed 2048K, reserved 1048576K
}
Event: 2862.687 GC heap before
{Heap before GC invocations=761 (full 39):
 PSYoungGen      total 214528K, used 214254K [0x0000000780580000, 0x00000007abf00000, 0x00000007c0000000)
  eden space 211968K, 100% used [0x0000000780580000,0x000000078d480000,0x000000078d480000)
  from space 2560K, 89% used [0x00000007ab800000,0x00000007aba3b960,0x00000007aba80000)
  to   space 4608K, 0% used [0x00000007aba80000,0x00000007aba80000,0x00000007abf00000)
 ParOldGen       total 1587712K, used 847679K [0x0000000701000000, 0x0000000761e80000, 0x0000000780580000)
  object space 1587712K, 53% used [0x0000000701000000,0x0000000734bcfd10,0x0000000761e80000)
 Metaspace       used 18185K, capacity 18534K, committed 18688K, reserved 1067008K
  class space    used 1876K, capacity 2007K, committed 2048K, reserved 1048576K
Event: 2862.702 GC heap after
Heap after GC invocations=761 (full 39):
 PSYoungGen      total 213504K, used 2272K [0x0000000780580000, 0x00000007abd00000, 0x00000007c0000000)
  eden space 210944K, 0% used [0x0000000780580000,0x0000000780580000,0x000000078d380000)
  from space 2560K, 88% used [0x00000007aba80000,0x00000007abcb80d0,0x00000007abd00000)
  to   space 4608K, 0% used [0x00000007ab400000,0x00000007ab400000,0x00000007ab880000)
 ParOldGen       total 1587712K, used 847807K [0x0000000701000000, 0x0000000761e80000, 0x0000000780580000)
  object space 1587712K, 53% used [0x0000000701000000,0x0000000734befd10,0x0000000761e80000)
 Metaspace       used 18185K, capacity 18534K, committed 18688K, reserved 1067008K
  class space    used 1876K, capacity 2007K, committed 2048K, reserved 1048576K
}
Event: 2879.300 GC heap before
{Heap before GC invocations=762 (full 39):
 PSYoungGen      total 213504K, used 213216K [0x0000000780580000, 0x00000007abd00000, 0x00000007c0000000)
  eden space 210944K, 100% used [0x0000000780580000,0x000000078d380000,0x000000078d380000)
  from space 2560K, 88% used [0x00000007aba80000,0x00000007abcb80d0,0x00000007abd00000)
  to   space 4608K, 0% used [0x00000007ab400000,0x00000007ab400000,0x00000007ab880000)
 ParOldGen       total 1587712K, used 847807K [0x0000000701000000, 0x0000000761e80000, 0x0000000780580000)
  object space 1587712K, 53% used [0x0000000701000000,0x0000000734befd10,0x0000000761e80000)
 Metaspace       used 18185K, capacity 18534K, committed 18688K, reserved 1067008K
  class space    used 1876K, capacity 2007K, committed 2048K, reserved 1048576K
Event: 2879.306 GC heap after
Heap after GC invocations=762 (full 39):
 PSYoungGen      total 212480K, used 2429K [0x0000000780580000, 0x00000007abb00000, 0x00000007c0000000)
  eden space 209920K, 0% used [0x0000000780580000,0x0000000780580000,0x000000078d280000)
  from space 2560K, 94% used [0x00000007ab400000,0x00000007ab65f5e8,0x00000007ab680000)
  to   space 4608K, 0% used [0x00000007ab680000,0x00000007ab680000,0x00000007abb00000)
 ParOldGen       total 1587712K, used 847903K [0x0000000701000000, 0x0000000761e80000, 0x0000000780580000)
  object space 1587712K, 53% used [0x0000000701000000,0x0000000734c07d10,0x0000000761e80000)
 Metaspace       used 18185K, capacity 18534K, committed 18688K, reserved 1067008K
  class space    used 1876K, capacity 2007K, committed 2048K, reserved 1048576K
}
Event: 2895.879 GC heap before
{Heap before GC invocations=763 (full 39):
 PSYoungGen      total 212480K, used 212349K [0x0000000780580000, 0x00000007abb00000, 0x00000007c0000000)
  eden space 209920K, 100% used [0x0000000780580000,0x000000078d280000,0x000000078d280000)
  from space 2560K, 94% used [0x00000007ab400000,0x00000007ab65f5e8,0x00000007ab680000)
  to   space 4608K, 0% used [0x00000007ab680000,0x00000007ab680000,0x00000007abb00000)
 ParOldGen       total 1587712K, used 847903K [0x0000000701000000, 0x0000000761e80000, 0x0000000780580000)
  object space 1587712K, 53% used [0x0000000701000000,0x0000000734c07d10,0x0000000761e80000)
 Metaspace       used 18185K, capacity 18534K, committed 18688K, reserved 1067008K
  class space    used 1876K, capacity 2007K, committed 2048K, reserved 1048576K
Event: 2895.888 GC heap after
Heap after GC invocations=763 (full 39):
 PSYoungGen      total 211456K, used 2417K [0x0000000780580000, 0x00000007ab900000, 0x00000007c0000000)
  eden space 208896K, 0% used [0x0000000780580000,0x0000000780580000,0x000000078d180000)
  from space 2560K, 94% used [0x00000007ab680000,0x00000007ab8dc6f8,0x00000007ab900000)
  to   space 4096K, 0% used [0x00000007ab100000,0x00000007ab100000,0x00000007ab500000)
 ParOldGen       total 1587712K, used 847991K [0x0000000701000000, 0x0000000761e80000, 0x0000000780580000)
  object space 1587712K, 53% used [0x0000000701000000,0x0000000734c1dd10,0x0000000761e80000)
 Metaspace       used 18185K, capacity 18534K, committed 18688K, reserved 1067008K
  class space    used 1876K, capacity 2007K, committed 2048K, reserved 1048576K
}
Event: 2911.719 GC heap before
{Heap before GC invocations=764 (full 39):
 PSYoungGen      total 211456K, used 211313K [0x0000000780580000, 0x00000007ab900000, 0x00000007c0000000)
  eden space 208896K, 100% used [0x0000000780580000,0x000000078d180000,0x000000078d180000)
  from space 2560K, 94% used [0x00000007ab680000,0x00000007ab8dc6f8,0x00000007ab900000)
  to   space 4096K, 0% used [0x00000007ab100000,0x00000007ab100000,0x00000007ab500000)
 ParOldGen       total 1587712K, used 847991K [0x0000000701000000, 0x0000000761e80000, 0x0000000780580000)
  object space 1587712K, 53% used [0x0000000701000000,0x0000000734c1dd10,0x0000000761e80000)
 Metaspace       used 18185K, capacity 18534K, committed 18688K, reserved 1067008K
  class space    used 1876K, capacity 2007K, committed 2048K, reserved 1048576K
Event: 2911.728 GC heap after
Heap after GC invocations=764 (full 39):
 PSYoungGen      total 210944K, used 2671K [0x0000000780580000, 0x00000007ab700000, 0x00000007c0000000)
  eden space 207872K, 0% used [0x0000000780580000,0x0000000780580000,0x000000078d080000)
  from space 3072K, 86% used [0x00000007ab100000,0x00000007ab39bc70,0x00000007ab400000)
  to   space 3072K, 0% used [0x00000007ab400000,0x00000007ab400000,0x00000007ab700000)
 ParOldGen       total 1587712K, used 848087K [0x0000000701000000, 0x0000000761e80000, 0x0000000780580000)
  object space 1587712K, 53% used [0x0000000701000000,0x0000000734c35d10,0x0000000761e80000)
 Metaspace       used 18185K, capacity 18534K, committed 18688K, reserved 1067008K
  class space    used 1876K, capacity 2007K, committed 2048K, reserved 1048576K
}

Deoptimization events (10 events):
Event: 2546.351 Thread 0x000000001c450000 Uncommon trap: reason=unstable_if action=reinterpret pc=0x0000000003b630cc method=org.jsoup.parser.HtmlTreeBuilder.getActiveFormattingElement(Ljava/lang/String;)Lorg/jsoup/nodes/Element; @ 41
Event: 2546.740 Thread 0x000000001c448000 Uncommon trap: reason=unstable_if action=reinterpret pc=0x000000000398b37c method=java.util.regex.Pattern$SliceI.match(Ljava/util/regex/Matcher;ILjava/lang/CharSequence;)Z @ 71
Event: 2582.952 Thread 0x000000001c451800 Uncommon trap: reason=speculate_class_check action=maybe_recompile pc=0x0000000002a53554 method=org.slf4j.helpers.MessageFormatter.safeObjectAppend(Ljava/lang/StringBuilder;Ljava/lang/Object;)V @ 1
Event: 2582.952 Thread 0x000000001c451800 Uncommon trap: reason=class_check action=maybe_recompile pc=0x000000000308c8a4 method=org.apache.http.impl.execchain.ResponseEntityProxy.streamClosed(Ljava/io/InputStream;)Z @ 24
Event: 2648.673 Thread 0x000000001c448000 Uncommon trap: reason=speculate_class_check action=maybe_recompile pc=0x0000000002a53554 method=org.slf4j.helpers.MessageFormatter.safeObjectAppend(Ljava/lang/StringBuilder;Ljava/lang/Object;)V @ 1
Event: 2648.673 Thread 0x000000001c448000 Uncommon trap: reason=class_check action=maybe_recompile pc=0x000000000308c8a4 method=org.apache.http.impl.execchain.ResponseEntityProxy.streamClosed(Ljava/io/InputStream;)Z @ 24
Event: 2729.271 Thread 0x000000001c447000 Uncommon trap: reason=speculate_class_check action=maybe_recompile pc=0x0000000002a53554 method=org.slf4j.helpers.MessageFormatter.safeObjectAppend(Ljava/lang/StringBuilder;Ljava/lang/Object;)V @ 1
Event: 2729.271 Thread 0x000000001c447000 Uncommon trap: reason=class_check action=maybe_recompile pc=0x000000000308c8a4 method=org.apache.http.impl.execchain.ResponseEntityProxy.streamClosed(Ljava/io/InputStream;)Z @ 24
Event: 2894.075 Thread 0x000000001c451800 Uncommon trap: reason=unstable_if action=reinterpret pc=0x0000000003bf745c method=org.jsoup.parser.HtmlTreeBuilderState$7.process(Lorg/jsoup/parser/Token;Lorg/jsoup/parser/HtmlTreeBuilder;)Z @ 2240
Event: 2894.076 Thread 0x000000001c451800 Uncommon trap: reason=unstable_if action=reinterpret pc=0x0000000002ada678 method=org.jsoup.parser.HtmlTreeBuilderState$7.anyOtherEndTag(Lorg/jsoup/parser/Token;Lorg/jsoup/parser/HtmlTreeBuilder;)Z @ 49

Internal exceptions (10 events):
Event: 2912.816 Thread 0x000000001c448000 Exception <a 'java/lang/ClassNotFoundException': sun/net/www/protocol/javascript/Handler> (0x0000000781261460) thrown at [C:\re\workspace\8-2-build-windows-amd64-cygwin\jdk8u101\7261\hotspot\src\share\vm\classfile\systemDictionary.cpp, line 210]
Event: 2912.816 Thread 0x000000001c447000 Exception <a 'java/lang/ClassNotFoundException': sun/net/www/protocol/javascript/Handler> (0x0000000781218a18) thrown at [C:\re\workspace\8-2-build-windows-amd64-cygwin\jdk8u101\7261\hotspot\src\share\vm\classfile\systemDictionary.cpp, line 210]
Event: 2912.817 Thread 0x000000001c448000 Exception <a 'java/lang/ClassNotFoundException': sun/net/www/protocol/tencent/Handler> (0x00000007812a7798) thrown at [C:\re\workspace\8-2-build-windows-amd64-cygwin\jdk8u101\7261\hotspot\src\share\vm\classfile\systemDictionary.cpp, line 210]
Event: 2912.818 Thread 0x000000001c448000 Exception <a 'java/lang/ClassNotFoundException': sun/net/www/protocol/javascript/Handler> (0x00000007812b5f20) thrown at [C:\re\workspace\8-2-build-windows-amd64-cygwin\jdk8u101\7261\hotspot\src\share\vm\classfile\systemDictionary.cpp, line 210]
Event: 2912.818 Thread 0x000000001c448000 Exception <a 'java/lang/ClassNotFoundException': sun/net/www/protocol/javascript/Handler> (0x00000007812bd6e8) thrown at [C:\re\workspace\8-2-build-windows-amd64-cygwin\jdk8u101\7261\hotspot\src\share\vm\classfile\systemDictionary.cpp, line 210]
Event: 2912.895 Thread 0x000000001c449800 Exception <a 'java/lang/ClassNotFoundException': sun/net/www/protocol/javascript/Handler> (0x00000007814a3038) thrown at [C:\re\workspace\8-2-build-windows-amd64-cygwin\jdk8u101\7261\hotspot\src\share\vm\classfile\systemDictionary.cpp, line 210]
Event: 2912.895 Thread 0x000000001c449800 Exception <a 'java/lang/ClassNotFoundException': sun/net/www/protocol/javascript/Handler> (0x00000007814aa7a8) thrown at [C:\re\workspace\8-2-build-windows-amd64-cygwin\jdk8u101\7261\hotspot\src\share\vm\classfile\systemDictionary.cpp, line 210]
Event: 2912.897 Thread 0x000000001c449800 Exception <a 'java/lang/ClassNotFoundException': sun/net/www/protocol/tencent/Handler> (0x00000007814f46e0) thrown at [C:\re\workspace\8-2-build-windows-amd64-cygwin\jdk8u101\7261\hotspot\src\share\vm\classfile\systemDictionary.cpp, line 210]
Event: 2912.898 Thread 0x000000001c449800 Exception <a 'java/lang/ClassNotFoundException': sun/net/www/protocol/javascript/Handler> (0x0000000781502e68) thrown at [C:\re\workspace\8-2-build-windows-amd64-cygwin\jdk8u101\7261\hotspot\src\share\vm\classfile\systemDictionary.cpp, line 210]
Event: 2912.898 Thread 0x000000001c449800 Exception <a 'java/lang/ClassNotFoundException': sun/net/www/protocol/javascript/Handler> (0x000000078150a698) thrown at [C:\re\workspace\8-2-build-windows-amd64-cygwin\jdk8u101\7261\hotspot\src\share\vm\classfile\systemDictionary.cpp, line 210]

Events (10 events):
Event: 2912.897 loading class sun/net/www/protocol/tencent/Handler
Event: 2912.897 loading class sun/net/www/protocol/tencent/Handler done
Event: 2912.898 loading class sun/net/www/protocol/javascript/Handler
Event: 2912.898 loading class sun/net/www/protocol/javascript/Handler done
Event: 2912.898 loading class sun/net/www/protocol/javascript/Handler
Event: 2912.898 loading class sun/net/www/protocol/javascript/Handler done
Event: 2912.898 loading class sun/net/www/protocol/javascript/Handler
Event: 2912.898 loading class sun/net/www/protocol/javascript/Handler done
Event: 2912.898 loading class sun/net/www/protocol/javascript/Handler
Event: 2912.898 loading class sun/net/www/protocol/javascript/Handler done


Dynamic libraries:
0x000000013f840000 - 0x000000013f877000 	C:\Program Files\Java\jre1.8.0_101\bin\javaw.exe
0x0000000076db0000 - 0x0000000076f5a000 	C:\Windows\SYSTEM32\ntdll.dll
0x0000000076c90000 - 0x0000000076daf000 	C:\Windows\system32\kernel32.dll
0x000007fefcb70000 - 0x000007fefcbda000 	C:\Windows\system32\KERNELBASE.dll
0x000007fefefe0000 - 0x000007feff0bb000 	C:\Windows\system32\ADVAPI32.dll
0x000007fefec00000 - 0x000007fefec9f000 	C:\Windows\system32\msvcrt.dll
0x000007fefe900000 - 0x000007fefe91f000 	C:\Windows\SYSTEM32\sechost.dll
0x000007fefeeb0000 - 0x000007fefefdd000 	C:\Windows\system32\RPCRT4.dll
0x0000000076b90000 - 0x0000000076c8a000 	C:\Windows\system32\USER32.dll
0x000007fefe490000 - 0x000007fefe4f7000 	C:\Windows\system32\GDI32.dll
0x000007fefcea0000 - 0x000007fefceae000 	C:\Windows\system32\LPK.dll
0x000007fefe620000 - 0x000007fefe6ea000 	C:\Windows\system32\USP10.dll
0x000007fefb260000 - 0x000007fefb454000 	C:\Windows\WinSxS\amd64_microsoft.windows.common-controls_6595b64144ccf1df_6.0.7601.18837_none_fa3b1e3d17594757\COMCTL32.dll
0x000007fefcf50000 - 0x000007fefcfc1000 	C:\Windows\system32\SHLWAPI.dll
0x000007fefd4f0000 - 0x000007fefd51e000 	C:\Windows\system32\IMM32.DLL
0x000007fefd3e0000 - 0x000007fefd4e9000 	C:\Windows\system32\MSCTF.dll
0x000000005d5a0000 - 0x000000005d672000 	C:\Program Files\Java\jre1.8.0_101\bin\msvcr100.dll
0x000000006be90000 - 0x000000006c72a000 	C:\Program Files\Java\jre1.8.0_101\bin\server\jvm.dll
0x000007fef8070000 - 0x000007fef8079000 	C:\Windows\system32\WSOCK32.dll
0x000007fefcfd0000 - 0x000007fefd01d000 	C:\Windows\system32\WS2_32.dll
0x000007fefe920000 - 0x000007fefe928000 	C:\Windows\system32\NSI.dll
0x000007fefabd0000 - 0x000007fefac0b000 	C:\Windows\system32\WINMM.dll
0x000007fefbba0000 - 0x000007fefbbac000 	C:\Windows\system32\VERSION.dll
0x0000000076f70000 - 0x0000000076f77000 	C:\Windows\system32\PSAPI.DLL
0x000000006fd60000 - 0x000000006fd6f000 	C:\Program Files\Java\jre1.8.0_101\bin\verify.dll
0x000000006bd00000 - 0x000000006bd29000 	C:\Program Files\Java\jre1.8.0_101\bin\java.dll
0x000000006e6b0000 - 0x000000006e6c6000 	C:\Program Files\Java\jre1.8.0_101\bin\zip.dll
0x000007fefd700000 - 0x000007fefe489000 	C:\Windows\system32\SHELL32.dll
0x000007fefe6f0000 - 0x000007fefe8f3000 	C:\Windows\system32\ole32.dll
0x000007fefcae0000 - 0x000007fefcaef000 	C:\Windows\system32\profapi.dll
0x000000006bae0000 - 0x000000006bb04000 	C:\Program Files\Java\jre1.8.0_101\bin\sunec.dll
0x000007fefc2b0000 - 0x000007fefc2c8000 	C:\Windows\system32\CRYPTSP.dll
0x000007fefbfb0000 - 0x000007fefbff7000 	C:\Windows\system32\rsaenh.dll
0x000007fefccb0000 - 0x000007fefccce000 	C:\Windows\system32\USERENV.dll
0x000007fefc940000 - 0x000007fefc94f000 	C:\Windows\system32\CRYPTBASE.dll
0x000000006bb60000 - 0x000000006bb7a000 	C:\Program Files\Java\jre1.8.0_101\bin\net.dll
0x000007fefc250000 - 0x000007fefc2a5000 	C:\Windows\system32\mswsock.dll
0x000007fefc240000 - 0x000007fefc247000 	C:\Windows\System32\wship6.dll
0x000007fefa920000 - 0x000007fefa947000 	C:\Windows\system32\IPHLPAPI.DLL
0x000007fefa910000 - 0x000007fefa91b000 	C:\Windows\system32\WINNSI.DLL
0x000007fef84a0000 - 0x000007fef84b1000 	C:\Windows\system32\dhcpcsvc6.DLL
0x000007fef8420000 - 0x000007fef8438000 	C:\Windows\system32\dhcpcsvc.DLL
0x000000006bb10000 - 0x000000006bb21000 	C:\Program Files\Java\jre1.8.0_101\bin\nio.dll
0x000007fefbc70000 - 0x000007fefbc77000 	C:\Windows\System32\wshtcpip.dll
0x000007fefc0d0000 - 0x000007fefc12b000 	C:\Windows\system32\DNSAPI.dll
0x000007fef8630000 - 0x000007fef8638000 	C:\Windows\system32\rasadhlp.dll
0x000007fef84c0000 - 0x000007fef8513000 	C:\Windows\System32\fwpuclnt.dll
0x000007fef65e0000 - 0x000007fef6705000 	C:\Windows\system32\dbghelp.dll

VM Arguments:
jvm_args: -Dfile.encoding=UTF-8 -Dfile.encoding=UTF-8 
java_command: org.xjtusicd3.parnter.spider.Spider
java_class_path (initial): E:\eclipse\workspace\robot-master\org.xjtusicd3.partner\target\classes;E:\eclipse\workspace\robot-master\org.xjtusicd3.partner\src\main\webapp\WEB-INF\lib\json-lib-2.4-jdk15.jar;E:\eclipse\workspace\robot-master\org.xjtusicd3.partner\lib\json-lib-2.4-jdk15.jar;E:\eclipse\workspace\robot-master\org.xjtusicd3.partner\lib\ezmorph.jar;E:\eclipse\workspace\robot-master\org.xjtusicd3.partner\lib\commons-beanutils-1.8.3.jar;C:\Users\zhaoyq\.m2\repository\javax\servlet\servlet-api\2.5\servlet-api-2.5.jar;C:\Users\zhaoyq\.m2\repository\org\springframework\spring-webmvc\4.3.3.RELEASE\spring-webmvc-4.3.3.RELEASE.jar;C:\Users\zhaoyq\.m2\repository\org\springframework\spring-aop\4.3.3.RELEASE\spring-aop-4.3.3.RELEASE.jar;C:\Users\zhaoyq\.m2\repository\org\springframework\spring-expression\4.3.3.RELEASE\spring-expression-4.3.3.RELEASE.jar;C:\Users\zhaoyq\.m2\repository\org\springframework\spring-web\4.3.3.RELEASE\spring-web-4.3.3.RELEASE.jar;C:\Users\zhaoyq\.m2\repository\org\springframework\spring-core\4.3.3.RELEASE\spring-core-4.3.3.RELEASE.jar;C:\Users\zhaoyq\.m2\repository\commons-logging\commons-logging\1.2\commons-logging-1.2.jar;C:\Users\zhaoyq\.m2\repository\org\springframework\spring-context\4.3.3.RELEASE\spring-context-4.3.3.RELEASE.jar;C:\Users\zhaoyq\.m2\repository\org\springframework\spring-beans\4.3.3.RELEASE\spring-beans-4.3.3.RELEASE.jar;E:\eclipse\workspace\robot-master\org.xjtusicd3.database\target\classes;C:\Users\zhaoyq\.m2\repository\org\mybatis\mybatis\3.2.6\mybatis-3.2.6.jar;C:\Users\zhaoyq\.m2\repository\mysql\mysql-connector-java\5.1.38\mysql-connector-java-5.1.38.jar;E:\eclipse\workspace\robot-master\org.xjtusicd3.common\target\classes;C:\Users\zhaoyq\.m2\repository\com\alibaba\fastjson\1.2.17\fastjson-1.2.17.jar;C:\Users\zhaoyq\.m2\repository\org\eclipse\jetty\jetty-server\9.4.0.M1\jetty-server-9.4.0.M1.jar;C:\Users\zhaoyq\.m2\repository\javax\servlet\javax.servlet-api\3.1.0\javax.servlet-api-3.1.0.jar;C:\Users\zhaoyq\.m2\re
Launcher Type: SUN_STANDARD

Environment Variables:
JAVA_HOME=C:\Program Files\Java\jdk1.8.0_101
JAVA_TOOL_OPTIONS=-Dfile.encoding=UTF-8
CLASSPATH=.;C:\Program Files\Java\jdk1.8.0_101\lib;C:\Program Files\Java\jdk1.8.0_101\lib\tools.jar
PATH=C:/Program Files/Java/jre1.8.0_101/bin/server;C:/Program Files/Java/jre1.8.0_101/bin;C:/Program Files/Java/jre1.8.0_101/lib/amd64;D:\app\zhaoyq\product\11.2.0\dbhome_2\bin;C:\ProgramData\Oracle\Java\javapath;C:\Program Files (x86)\NVIDIA Corporation\PhysX\Common;C:\Windows\system32;C:\Windows;C:\Windows\System32\Wbem;C:\Windows\System32\WindowsPowerShell\v1.0\;C:\Program Files\Java\jdk1.8.0_101\bin;C:\Program Files\Java\jdk1.8.0_101\jre\bin;C:\Program Files\MySQL\MySQL Server 5.5\bin;E:\apache-tomcat-8.0.37-windows-x64\apache-tomcat-8.0.37\lib;E:\apache-tomcat-8.0.37-windows-x64\apache-tomcat-8.0.37\bin;C:\Users\zhaoyq\AppData\Local\Programs\Python\Python35\Scripts\;C:\Users\zhaoyq\AppData\Local\Programs\Python\Python35\;c:\python27;c:\python27\Scripts;E:\eclipse;
USERNAME=zhaoyq
OS=Windows_NT
PROCESSOR_IDENTIFIER=Intel64 Family 6 Model 30 Stepping 5, GenuineIntel



---------------  S Y S T E M  ---------------

OS: Windows 7 , 64 bit Build 7601 (6.1.7601.23539)

CPU:total 4 (4 cores per cpu, 1 threads per core) family 6 model 30 stepping 5, cmov, cx8, fxsr, mmx, sse, sse2, sse3, ssse3, sse4.1, sse4.2, popcnt, tsc, tscinvbit

Memory: 4k page, physical 12516648k(2833508k free), swap 25031436k(11437128k free)

vm_info: Java HotSpot(TM) 64-Bit Server VM (25.101-b13) for windows-amd64 JRE (1.8.0_101-b13), built on Jun 22 2016 01:21:29 by "java_re" with MS VC++ 10.0 (VS2010)

time: Tue May 02 00:09:32 2017
elapsed time: 2913 seconds (0d 0h 48m 33s)

