#
# A fatal error has been detected by the Java Runtime Environment:
#
#  EXCEPTION_ACCESS_VIOLATION (0xc0000005) at pc=0x000000006bfba0a5, pid=10748, tid=0x0000000000002214
#
# JRE version: Java(TM) SE Runtime Environment (8.0_101-b13) (build 1.8.0_101-b13)
# Java VM: Java HotSpot(TM) 64-Bit Server VM (25.101-b13 mixed mode windows-amd64 compressed oops)
# Problematic frame:
# V  [jvm.dll+0x12a0a5]
#
# Failed to write core dump. Minidumps are not enabled by default on client versions of Windows
#
# If you would like to submit a bug report, please visit:
#   http://bugreport.java.com/bugreport/crash.jsp
#

---------------  T H R E A D  ---------------

Current thread (0x000000001b0e1000):  JavaThread "JDWP Transport Listener: dt_socket" daemon [_thread_in_vm, id=8724, stack(0x000000001be00000,0x000000001bf00000)]

siginfo: ExceptionCode=0xc0000005, reading address 0xffffffffffffffff

Registers:
RAX=0x000000001beff701, RBX=0x000000001b0e1000, RCX=0x003b00003b747369, RDX=0x0000000000000000
RSP=0x000000001beff790, RBP=0x003b00003b747369, RSI=0x000000001beff8a8, RDI=0x0000000002538f60
R8 =0x000000001b0e1000, R9 =0x000000000000ff00, R10=0x0000000000000000, R11=0x0000096700170030
R12=0x0000000000000000, R13=0x000000001b0e70e8, R14=0x0000000000000000, R15=0x0000000000000000
RIP=0x000000006bfba0a5, EFLAGS=0x0000000000010206

Top of Stack: (sp=0x000000001beff790)
0x000000001beff790:   000000001b0e1000 000000001b2673c0
0x000000001beff7a0:   000000001beff858 000000006c1c2f0b
0x000000001beff7b0:   000000001b0e1000 000000006c1df76d
0x000000001beff7c0:   0000000000000000 000000005c259155
0x000000001beff7d0:   000000001b1dfa78 000000005c26291e
0x000000001beff7e0:   000000001b0e1000 0000000000000000
0x000000001beff7f0:   0000000000000000 0000000000000000
0x000000001beff800:   003b00003b747369 000000005c261a15
0x000000001beff810:   000000001beff8a8 000000001beff880
0x000000001beff820:   0000000000000001 000000001b1dfa78
0x000000001beff830:   003b00003b747369 000000005c2453b3
0x000000001beff840:   000000001beff970 0000000000000001
0x000000001beff850:   0000000000000001 000000001b1dfa78
0x000000001beff860:   0000000000000008 0000000000000000
0x000000001beff870:   0000000000000000 0000000000000000
0x000000001beff880:   0000000000000001 000000005c245571 

Instructions: (pc=0x000000006bfba0a5)
0x000000006bfba085:   cc cc cc cc cc cc cc cc cc cc cc 48 83 ec 28 48
0x000000006bfba095:   85 c9 75 07 33 c0 48 83 c4 28 c3 48 89 5c 24 20
0x000000006bfba0a5:   48 8b 19 48 85 db 74 20 48 83 fb 37 74 1a 48 8b
0x000000006bfba0b5:   13 48 8b cb ff 52 10 84 c0 74 0d 48 8b c3 48 8b 


Register to memory mapping:

RAX=0x000000001beff701 is pointing into the stack for thread: 0x000000001b0e1000
RBX=0x000000001b0e1000 is a thread
RCX=0x003b00003b747369 is an unknown value
RDX=0x0000000000000000 is an unknown value
RSP=0x000000001beff790 is pointing into the stack for thread: 0x000000001b0e1000
RBP=0x003b00003b747369 is an unknown value
RSI=0x000000001beff8a8 is pointing into the stack for thread: 0x000000001b0e1000
RDI=0x0000000002538f60 is an unknown value
R8 =0x000000001b0e1000 is a thread
R9 =0x000000000000ff00 is an unknown value
R10=0x0000000000000000 is an unknown value
R11=0x0000096700170030 is an unknown value
R12=0x0000000000000000 is an unknown value
R13=0x000000001b0e70e8 is an unknown value
R14=0x0000000000000000 is an unknown value
R15=0x0000000000000000 is an unknown value


Stack: [0x000000001be00000,0x000000001bf00000],  sp=0x000000001beff790,  free space=1021k
Native frames: (J=compiled Java code, j=interpreted, Vv=VM code, C=native code)
V  [jvm.dll+0x12a0a5]
V  [jvm.dll+0x34f76d]
C  [jdwp.dll+0x21a15]
C  [jdwp.dll+0x53b3]
C  [jdwp.dll+0x5571]
C  [jdwp.dll+0xf0a8]
C  [jdwp.dll+0x1f2d5]
C  [jdwp.dll+0x1f4aa]
V  [jvm.dll+0x1bd258]
V  [jvm.dll+0x2451a4]
V  [jvm.dll+0x29c18a]
C  [msvcr100.dll+0x21d9f]
C  [msvcr100.dll+0x21e3b]
C  [kernel32.dll+0x159cd]
C  [ntdll.dll+0x2a2e1]


---------------  P R O C E S S  ---------------

Java Threads: ( => current thread )
  0x000000001b179800 JavaThread "Service Thread" daemon [_thread_blocked, id=10312, stack(0x000000001ae80000,0x000000001af80000)]
  0x000000001b133000 JavaThread "C1 CompilerThread2" daemon [_thread_blocked, id=10200, stack(0x000000001b800000,0x000000001b900000)]
  0x000000001b0ff800 JavaThread "C2 CompilerThread1" daemon [_thread_blocked, id=10712, stack(0x000000001ba20000,0x000000001bb20000)]
  0x000000001b0fe800 JavaThread "C2 CompilerThread0" daemon [_thread_blocked, id=10372, stack(0x000000001bf90000,0x000000001c090000)]
  0x000000001b0f1000 JavaThread "JDWP Command Reader" daemon [_thread_in_native, id=4388, stack(0x000000001aab0000,0x000000001abb0000)]
  0x000000001b0ed000 JavaThread "JDWP Event Helper Thread" daemon [_thread_blocked, id=1412, stack(0x000000001bc10000,0x000000001bd10000)]
=>0x000000001b0e1000 JavaThread "JDWP Transport Listener: dt_socket" daemon [_thread_in_vm, id=8724, stack(0x000000001be00000,0x000000001bf00000)]
  0x000000001b0d9000 JavaThread "Attach Listener" daemon [_thread_blocked, id=10124, stack(0x000000001b700000,0x000000001b800000)]
  0x000000001b0d5000 JavaThread "Signal Dispatcher" daemon [_thread_blocked, id=5368, stack(0x000000001b5a0000,0x000000001b6a0000)]
  0x0000000019a9d000 JavaThread "Finalizer" daemon [_thread_blocked, id=8272, stack(0x000000001afc0000,0x000000001b0c0000)]
  0x0000000019a56000 JavaThread "Reference Handler" daemon [_thread_blocked, id=7076, stack(0x000000001ad80000,0x000000001ae80000)]
  0x00000000023ab800 JavaThread "main" [_thread_blocked, id=10968, stack(0x0000000002580000,0x0000000002680000)]

Other Threads:
  0x0000000019a4d800 VMThread [stack: 0x000000001abe0000,0x000000001ace0000] [id=4708]
  0x000000001b1d4800 WatcherThread [stack: 0x000000001c090000,0x000000001c190000] [id=7300]

VM state:not at safepoint (normal execution)

VM Mutex/Monitor currently owned by a thread: None

Heap:
 PSYoungGen      total 57344K, used 3933K [0x0000000780580000, 0x0000000784580000, 0x00000007c0000000)
  eden space 49152K, 8% used [0x0000000780580000,0x0000000780957500,0x0000000783580000)
  from space 8192K, 0% used [0x0000000783d80000,0x0000000783d80000,0x0000000784580000)
  to   space 8192K, 0% used [0x0000000783580000,0x0000000783580000,0x0000000783d80000)
 ParOldGen       total 131072K, used 0K [0x0000000701000000, 0x0000000709000000, 0x0000000780580000)
  object space 131072K, 0% used [0x0000000701000000,0x0000000701000000,0x0000000709000000)
 Metaspace       used 2943K, capacity 4660K, committed 4864K, reserved 1056768K
  class space    used 323K, capacity 424K, committed 512K, reserved 1048576K

Card table byte_map: [0x0000000011b50000,0x0000000012150000] byte_map_base: 0x000000000e348000

Marking Bits: (ParMarkBitMap*) 0x000000006c6aa6d0
 Begin Bits: [0x0000000012b40000, 0x0000000015b00000)
 End Bits:   [0x0000000015b00000, 0x0000000018ac0000)

Polling page: 0x0000000000320000

CodeCache: size=245760Kb used=1156Kb max_used=1156Kb free=244603Kb
 bounds [0x0000000002790000, 0x0000000002a00000, 0x0000000011790000]
 total_blobs=284 nmethods=55 adapters=151
 compilation: enabled

Compilation events (10 events):
Event: 0.247 Thread 0x000000001b133000   50       3       java.util.concurrent.ConcurrentHashMap::tabAt (21 bytes)
Event: 0.247 Thread 0x000000001b133000 nmethod 50 0x00000000028aee90 code [0x00000000028aefe0, 0x00000000028af210]
Event: 0.248 Thread 0x000000001b133000   52       3       java.lang.AbstractStringBuilder::expandCapacity (50 bytes)
Event: 0.248 Thread 0x000000001b133000 nmethod 52 0x00000000028af2d0 code [0x00000000028af480, 0x00000000028af9f8]
Event: 0.250 Thread 0x000000001b133000   53       3       java.io.WinNTFileSystem::prefixLength (91 bytes)
Event: 0.251 Thread 0x000000001b133000 nmethod 53 0x00000000028afc50 code [0x00000000028afe60, 0x00000000028b0a08]
Event: 0.251 Thread 0x000000001b133000   54       1       java.net.URL::getPath (5 bytes)
Event: 0.251 Thread 0x000000001b133000 nmethod 54 0x00000000028ad710 code [0x00000000028ad860, 0x00000000028ad970]
Event: 0.251 Thread 0x000000001b133000   55       1       java.net.URL::getAuthority (5 bytes)
Event: 0.251 Thread 0x000000001b133000 nmethod 55 0x00000000028b0f50 code [0x00000000028b10a0, 0x00000000028b11b0]

GC Heap History (0 events):
No events

Deoptimization events (0 events):
No events

Internal exceptions (2 events):
Event: 0.031 Thread 0x00000000023ab800 Exception <a 'java/lang/NoSuchMethodError': Method sun.misc.Unsafe.defineClass(Ljava/lang/String;[BII)Ljava/lang/Class; name or signature does not match> (0x0000000780587cc0) thrown at [C:\re\workspace\8-2-build-windows-amd64-cygwin\jdk8u101\7261\hotspot\s¸bnyòŸ?
Event: 0.031 Thread 0x00000000023ab800 Exception <a 'java/lang/NoSuchMethodError': Method sun.misc.Unsafe.prefetchRead(Ljava/lang/Object;J)V name or signature does not match> (0x0000000780587fa8) thrown at [C:\re\workspace\8-2-build-windows-amd64-cygwin\jdk8u101\7261\hotspot\src\share\vm\prims\

Events (10 events):
Event: 71.620 Executing VM operation: GetCurrentLocation
Event: 71.620 Executing VM operation: GetCurrentLocation done
Event: 71.620 Executing VM operation: EnterInterpOnlyMode
Event: 71.620 Executing VM operation: EnterInterpOnlyMode done
Event: 71.620 Executing VM operation: ChangeSingleStep
Event: 71.620 Executing VM operation: ChangeSingleStep done
Event: 71.620 Executing VM operation: ChangeSingleStep
Event: 71.620 Executing VM operation: ChangeSingleStep done
Event: 71.623 Executing VM operation: RedefineClasses
Event: 71.623 Executing VM operation: RedefineClasses done


Dynamic libraries:
0x000000013f2d0000 - 0x000000013f307000 	C:\Program Files\Java\jre1.8.0_101\bin\javaw.exe
0x0000000076db0000 - 0x0000000076f5a000 	C:\Windows\SYSTEM32\ntdll.dll
0x0000000076c90000 - 0x0000000076daf000 	C:\Windows\system32\kernel32.dll
0x000007fefcb70000 - 0x000007fefcbda000 	C:\Windows\system32\KERNELBASE.dll
0x000007fefefe0000 - 0x000007feff0bb000 	C:\Windows\system32\ADVAPI32.dll
0x000007fefec00000 - 0x000007fefec9f000 	C:\Windows\system32\msvcrt.dll
0x000007fefe900000 - 0x000007fefe91f000 	C:\Windows\SYSTEM32\sechost.dll
0x000007fefeeb0000 - 0x000007fefefdd000 	C:\Windows\system32\RPCRT4.dll
0x0000000076b90000 - 0x0000000076c8a000 	C:\Windows\system32\USER32.dll
0x000007fefe490000 - 0x000007fefe4f7000 	C:\Windows\system32\GDI32.dll
0x000007fefcea0000 - 0x000007fefceae000 	C:\Windows\system32\LPK.dll
0x000007fefe620000 - 0x000007fefe6ea000 	C:\Windows\system32\USP10.dll
0x000007fefb260000 - 0x000007fefb454000 	C:\Windows\WinSxS\amd64_microsoft.windows.common-controls_6595b64144ccf1df_6.0.7601.18837_none_fa3b1e3d17594757\COMCTL32.dll
0x000007fefcf50000 - 0x000007fefcfc1000 	C:\Windows\system32\SHLWAPI.dll
0x000007fefd4f0000 - 0x000007fefd51e000 	C:\Windows\system32\IMM32.DLL
0x000007fefd3e0000 - 0x000007fefd4e9000 	C:\Windows\system32\MSCTF.dll
0x000000005bfa0000 - 0x000000005c072000 	C:\Program Files\Java\jre1.8.0_101\bin\msvcr100.dll
0x000000006be90000 - 0x000000006c72a000 	C:\Program Files\Java\jre1.8.0_101\bin\server\jvm.dll
0x000007fef8070000 - 0x000007fef8079000 	C:\Windows\system32\WSOCK32.dll
0x000007fefcfd0000 - 0x000007fefd01d000 	C:\Windows\system32\WS2_32.dll
0x000007fefe920000 - 0x000007fefe928000 	C:\Windows\system32\NSI.dll
0x000007fefabd0000 - 0x000007fefac0b000 	C:\Windows\system32\WINMM.dll
0x000007fefbba0000 - 0x000007fefbbac000 	C:\Windows\system32\VERSION.dll
0x0000000076f70000 - 0x0000000076f77000 	C:\Windows\system32\PSAPI.DLL
0x000000006fd60000 - 0x000000006fd6f000 	C:\Program Files\Java\jre1.8.0_101\bin\verify.dll
0x000000006bd00000 - 0x000000006bd29000 	C:\Program Files\Java\jre1.8.0_101\bin\java.dll
0x000000005c240000 - 0x000000005c275000 	C:\Program Files\Java\jre1.8.0_101\bin\jdwp.dll
0x000000005e570000 - 0x000000005e578000 	C:\Program Files\Java\jre1.8.0_101\bin\npt.dll
0x000000006e6b0000 - 0x000000006e6c6000 	C:\Program Files\Java\jre1.8.0_101\bin\zip.dll
0x000007fefd700000 - 0x000007fefe489000 	C:\Windows\system32\SHELL32.dll
0x000007fefe6f0000 - 0x000007fefe8f3000 	C:\Windows\system32\ole32.dll
0x000007fefcae0000 - 0x000007fefcaef000 	C:\Windows\system32\profapi.dll
0x000000005e580000 - 0x000000005e589000 	C:\Program Files\Java\jre1.8.0_101\bin\dt_socket.dll
0x000007fefac10000 - 0x000007fefac25000 	C:\Windows\system32\NLAapi.dll
0x000007fef8850000 - 0x000007fef8865000 	C:\Windows\system32\napinsp.dll
0x000007fef8680000 - 0x000007fef8699000 	C:\Windows\system32\pnrpnsp.dll
0x000007fefc250000 - 0x000007fefc2a5000 	C:\Windows\System32\mswsock.dll
0x000007fefc0d0000 - 0x000007fefc12b000 	C:\Windows\system32\DNSAPI.dll
0x000007fef8650000 - 0x000007fef865b000 	C:\Windows\System32\winrnr.dll
0x000007fefa920000 - 0x000007fefa947000 	C:\Windows\system32\IPHLPAPI.DLL
0x000007fefa910000 - 0x000007fefa91b000 	C:\Windows\system32\WINNSI.DLL
0x000007fef84c0000 - 0x000007fef8513000 	C:\Windows\System32\fwpuclnt.dll
0x000007fef8630000 - 0x000007fef8638000 	C:\Windows\system32\rasadhlp.dll
0x000007fefbc70000 - 0x000007fefbc77000 	C:\Windows\System32\wshtcpip.dll
0x0000000068ec0000 - 0x0000000068ee6000 	C:\Program Files\Java\jre1.8.0_101\bin\ICE_JNIRegistry.dll
0x000007fef65e0000 - 0x000007fef6705000 	C:\Windows\system32\dbghelp.dll

VM Arguments:
jvm_args: -Dfile.encoding=UTF-8 -agentlib:jdwp=transport=dt_socket,suspend=y,address=localhost:64676 -Dfile.encoding=UTF-8 
java_command: PCsysteminfo
java_class_path (initial): E:\eclipse\workspace\robot-master\org.xjtusicd3.partner\target\classes;E:\eclipse\workspace\robot-master\org.xjtusicd3.partner\src\main\webapp\WEB-INF\lib\json-lib-2.4-jdk15.jar;E:\eclipse\workspace\robot-master\org.xjtusicd3.partner\lib\json-lib-2.4-jdk15.jar;E:\eclipse\workspace\robot-master\org.xjtusicd3.partner\lib\ezmorph.jar;E:\eclipse\workspace\robot-master\org.xjtusicd3.partner\lib\commons-beanutils-1.8.3.jar;E:\eclipse\workspace\robot-master\org.xjtusicd3.partner\lib\registry.jar;C:\Users\zhaoyq\.m2\repository\javax\servlet\servlet-api\2.5\servlet-api-2.5.jar;C:\Users\zhaoyq\.m2\repository\org\springframework\spring-webmvc\4.3.3.RELEASE\spring-webmvc-4.3.3.RELEASE.jar;C:\Users\zhaoyq\.m2\repository\org\springframework\spring-aop\4.3.3.RELEASE\spring-aop-4.3.3.RELEASE.jar;C:\Users\zhaoyq\.m2\repository\org\springframework\spring-expression\4.3.3.RELEASE\spring-expression-4.3.3.RELEASE.jar;C:\Users\zhaoyq\.m2\repository\org\springframework\spring-web\4.3.3.RELEASE\spring-web-4.3.3.RELEASE.jar;C:\Users\zhaoyq\.m2\repository\org\springframework\spring-core\4.3.3.RELEASE\spring-core-4.3.3.RELEASE.jar;C:\Users\zhaoyq\.m2\repository\commons-logging\commons-logging\1.2\commons-logging-1.2.jar;C:\Users\zhaoyq\.m2\repository\org\springframework\spring-context\4.3.3.RELEASE\spring-context-4.3.3.RELEASE.jar;C:\Users\zhaoyq\.m2\repository\org\springframework\spring-beans\4.3.3.RELEASE\spring-beans-4.3.3.RELEASE.jar;E:\eclipse\workspace\robot-master\org.xjtusicd3.database\target\classes;C:\Users\zhaoyq\.m2\repository\org\mybatis\mybatis\3.2.6\mybatis-3.2.6.jar;C:\Users\zhaoyq\.m2\repository\mysql\mysql-connector-java\5.1.38\mysql-connector-java-5.1.38.jar;E:\eclipse\workspace\robot-master\org.xjtusicd3.common\target\classes;C:\Users\zhaoyq\.m2\repository\com\alibaba\fastjson\1.2.17\fastjson-1.2.17.jar;C:\Users\zhaoyq\.m2\repository\org\eclipse\jetty\jetty-server\9.4.0.M1\jetty-server-9.4.0.M1.jar;C:\Users\zhaoyq\.m2\repository\javax\servlet\j
Launcher Type: SUN_STANDARD

Environment Variables:
JAVA_HOME=C:\Program Files\Java\jdk1.8.0_101
JAVA_TOOL_OPTIONS=-Dfile.encoding=UTF-8
CLASSPATH=.;C:\Program Files\Java\jdk1.8.0_101\lib;C:\Program Files\Java\jdk1.8.0_101\lib\tools.jar
PATH=C:/Program Files/Java/jre1.8.0_101/bin/server;C:/Program Files/Java/jre1.8.0_101/bin;C:/Program Files/Java/jre1.8.0_101/lib/amd64;D:\app\zhaoyq\product\11.2.0\dbhome_2\bin;C:\ProgramData\Oracle\Java\javapath;C:\Program Files (x86)\NVIDIA Corporation\PhysX\Common;C:\Windows\system32;C:\Windows;C:\Windows\System32\Wbem;C:\Windows\System32\WindowsPowerShell\v1.0\;C:\Program Files\Java\jdk1.8.0_101\bin;C:\Program Files\Java\jdk1.8.0_101\jre\bin;C:\Program Files\MySQL\MySQL Server 5.5\bin;E:\apache-tomcat-8.0.37-windows-x64\apache-tomcat-8.0.37\lib;E:\apache-tomcat-8.0.37-windows-x64\apache-tomcat-8.0.37\bin;C:\Users\zhaoyq\AppData\Local\Programs\Python\Python35\Scripts\;C:\Users\zhaoyq\AppData\Local\Programs\Python\Python35\;c:\python27;c:\python27\Scripts;E:\eclipse;
USERNAME=zhaoyq
OS=Windows_NT
PROCESSOR_IDENTIFIER=Intel64 Family 6 Model 30 Stepping 5, GenuineIntel



---------------  S Y S T E M  ---------------

OS: Windows 7 , 64 bit Build 7601 (6.1.7601.23539)

CPU:total 4 (4 cores per cpu, 1 threads per core) family 6 model 30 stepping 5, cmov, cx8, fxsr, mmx, sse, sse2, sse3, ssse3, sse4.1, sse4.2, popcnt, tsc, tscinvbit

Memory: 4k page, physical 12516648k(4554048k free), swap 25031436k(9963828k free)

vm_info: Java HotSpot(TM) 64-Bit Server VM (25.101-b13) for windows-amd64 JRE (1.8.0_101-b13), built on Jun 22 2016 01:21:29 by "java_re" with MS VC++ 10.0 (VS2010)

time: Tue May 02 15:13:08 2017
elapsed time: 71 seconds (0d 0h 1m 11s)

